2019-09-19 14:22:38.0336  INFO ${hostname}
			--- [ment.App.main()] c.p.i.App                                : Starting App on LAPTOP-9I82ROOL with PID 17076 (C:\Users\j\eclipse-workspace\inventoryManagement\target\classes started by j in C:\Users\j\eclipse-workspace\inventoryManagement)
2019-09-19 14:22:38.0351  INFO ${hostname}
			--- [ment.App.main()] ationConfigEmbeddedWebApplicationContext : Refreshing org.springframework.boot.context.embedded.AnnotationConfigEmbeddedWebApplicationContext@2c283217: startup date [Thu Sep 19 14:22:38 MST 2019]; root of context hierarchy
2019-09-19 14:22:38.0835  INFO ${hostname}
			--- [ment.App.main()] o.s.b.f.s.DefaultListableBeanFactory     : Overriding bean definition for bean 'beanNameViewResolver': replacing [Root bean: class [null]; scope=; abstract=false; lazyInit=false; autowireMode=3; dependencyCheck=0; autowireCandidate=true; primary=false; factoryBeanName=org.springframework.boot.autoconfigure.web.ErrorMvcAutoConfiguration$WhitelabelErrorViewConfiguration; factoryMethodName=beanNameViewResolver; initMethodName=null; destroyMethodName=(inferred); defined in class path resource [org/springframework/boot/autoconfigure/web/ErrorMvcAutoConfiguration$WhitelabelErrorViewConfiguration.class]] with [Root bean: class [null]; scope=; abstract=false; lazyInit=false; autowireMode=3; dependencyCheck=0; autowireCandidate=true; primary=false; factoryBeanName=org.springframework.boot.autoconfigure.web.WebMvcAutoConfiguration$WebMvcAutoConfigurationAdapter; factoryMethodName=beanNameViewResolver; initMethodName=null; destroyMethodName=(inferred); defined in class path resource [org/springframework/boot/autoconfigure/web/WebMvcAutoConfiguration$WebMvcAutoConfigurationAdapter.class]]
2019-09-19 14:22:39.0195  INFO ${hostname}
			--- [ment.App.main()] o.h.v.i.u.Version                        : HV000001: Hibernate Validator 5.1.3.Final
2019-09-19 14:22:39.0304  INFO ${hostname}
			--- [ment.App.main()] trationDelegate$BeanPostProcessorChecker : Bean 'org.springframework.transaction.annotation.ProxyTransactionManagementConfiguration' of type [class org.springframework.transaction.annotation.ProxyTransactionManagementConfiguration$$EnhancerBySpringCGLIB$$d4603b] is not eligible for getting processed by all BeanPostProcessors (for example: not eligible for auto-proxying)
2019-09-19 14:22:39.0335  INFO ${hostname}
			--- [ment.App.main()] trationDelegate$BeanPostProcessorChecker : Bean 'transactionAttributeSource' of type [class org.springframework.transaction.annotation.AnnotationTransactionAttributeSource] is not eligible for getting processed by all BeanPostProcessors (for example: not eligible for auto-proxying)
2019-09-19 14:22:39.0335  INFO ${hostname}
			--- [ment.App.main()] trationDelegate$BeanPostProcessorChecker : Bean 'transactionInterceptor' of type [class org.springframework.transaction.interceptor.TransactionInterceptor] is not eligible for getting processed by all BeanPostProcessors (for example: not eligible for auto-proxying)
2019-09-19 14:22:39.0335  INFO ${hostname}
			--- [ment.App.main()] trationDelegate$BeanPostProcessorChecker : Bean 'org.springframework.transaction.config.internalTransactionAdvisor' of type [class org.springframework.transaction.interceptor.BeanFactoryTransactionAttributeSourceAdvisor] is not eligible for getting processed by all BeanPostProcessors (for example: not eligible for auto-proxying)
2019-09-19 14:22:39.0741  INFO ${hostname}
			--- [ment.App.main()] s.b.c.e.t.TomcatEmbeddedServletContainer : Tomcat initialized with port(s): 8080 (http)
2019-09-19 14:22:39.0837  INFO ${hostname}
			--- [ment.App.main()] o.a.c.c.StandardService                  : Starting service Tomcat
2019-09-19 14:22:39.0837  INFO ${hostname}
			--- [ment.App.main()] o.a.c.c.StandardEngine                   : Starting Servlet Engine: Apache Tomcat/8.0.26
2019-09-19 14:22:41.0071  INFO ${hostname}
			--- [ost-startStop-1] o.a.c.c.C.[.[.[/]                        : Initializing Spring embedded WebApplicationContext
2019-09-19 14:22:41.0071  INFO ${hostname}
			--- [ost-startStop-1] o.s.w.c.ContextLoader                    : Root WebApplicationContext: initialization completed in 2720 ms
2019-09-19 14:22:42.0295  INFO ${hostname}
			--- [ost-startStop-1] o.s.b.c.e.ServletRegistrationBean        : Mapping servlet: 'dispatcherServlet' to [/]
2019-09-19 14:22:42.0295  INFO ${hostname}
			--- [ost-startStop-1] o.s.b.c.e.FilterRegistrationBean         : Mapping filter: 'characterEncodingFilter' to: [/*]
2019-09-19 14:22:42.0295  INFO ${hostname}
			--- [ost-startStop-1] o.s.b.c.e.FilterRegistrationBean         : Mapping filter: 'hiddenHttpMethodFilter' to: [/*]
2019-09-19 14:22:42.0495  INFO ${hostname}
			--- [ment.App.main()] j.LocalContainerEntityManagerFactoryBean : Building JPA container EntityManagerFactory for persistence unit 'default'
2019-09-19 14:22:42.0511  INFO ${hostname}
			--- [ment.App.main()] o.h.j.i.u.LogHelper                      : HHH000204: Processing PersistenceUnitInfo [
	name: default
	...]
2019-09-19 14:22:42.0580  INFO ${hostname}
			--- [ment.App.main()] o.h.Version                              : HHH000412: Hibernate Core {4.3.11.Final}
2019-09-19 14:22:42.0580  INFO ${hostname}
			--- [ment.App.main()] o.h.c.Environment                        : HHH000206: hibernate.properties not found
2019-09-19 14:22:42.0580  INFO ${hostname}
			--- [ment.App.main()] o.h.c.Environment                        : HHH000021: Bytecode provider name : javassist
2019-09-19 14:22:42.0719  INFO ${hostname}
			--- [ment.App.main()] o.h.a.c.Version                          : HCANN000001: Hibernate Commons Annotations {4.0.5.Final}
2019-09-19 14:22:43.0552  INFO ${hostname}
			--- [ment.App.main()] o.h.d.Dialect                            : HHH000400: Using dialect: org.hibernate.dialect.MySQL5Dialect
2019-09-19 14:22:43.0688  INFO ${hostname}
			--- [ment.App.main()] o.h.h.i.a.ASTQueryTranslatorFactory      : HHH000397: Using ASTQueryTranslatorFactory
2019-09-19 14:22:43.0962  INFO ${hostname}
			--- [ment.App.main()] o.h.t.h.SchemaExport                     : HHH000227: Running hbm2ddl schema export
2019-09-19 14:22:43.0980 ERROR ${hostname}
			--- [ment.App.main()] o.h.t.h.SchemaExport                     : HHH000389: Unsuccessful: alter table `order` drop foreign key FK_m6q2ofkj1g5aobtb2p00ajpqg
2019-09-19 14:22:43.0980 ERROR ${hostname}
			--- [ment.App.main()] o.h.t.h.SchemaExport                     : Table 'inventory_api.order' doesn't exist
2019-09-19 14:22:43.0980 ERROR ${hostname}
			--- [ment.App.main()] o.h.t.h.SchemaExport                     : HHH000389: Unsuccessful: alter table `product_order` drop foreign key FK_5uw5nxqovigv7mf1gmbos1rl8
2019-09-19 14:22:43.0980 ERROR ${hostname}
			--- [ment.App.main()] o.h.t.h.SchemaExport                     : Table 'inventory_api.product_order' doesn't exist
2019-09-19 14:22:43.0980 ERROR ${hostname}
			--- [ment.App.main()] o.h.t.h.SchemaExport                     : HHH000389: Unsuccessful: alter table `product_order` drop foreign key FK_sf5yp37b7qt63qqoq25f82lpu
2019-09-19 14:22:43.0980 ERROR ${hostname}
			--- [ment.App.main()] o.h.t.h.SchemaExport                     : Table 'inventory_api.product_order' doesn't exist
2019-09-19 14:22:44.0559  INFO ${hostname}
			--- [ment.App.main()] o.h.t.h.SchemaExport                     : HHH000230: Schema export complete
2019-09-19 14:22:44.0914  INFO ${hostname}
			--- [ment.App.main()] s.w.s.m.m.a.RequestMappingHandlerAdapter : Looking for @ControllerAdvice: org.springframework.boot.context.embedded.AnnotationConfigEmbeddedWebApplicationContext@2c283217: startup date [Thu Sep 19 14:22:38 MST 2019]; root of context hierarchy
2019-09-19 14:22:44.0983  INFO ${hostname}
			--- [ment.App.main()] s.w.s.m.m.a.RequestMappingHandlerMapping : Mapped "{[/customers/{id}],methods=[PUT]}" onto public org.springframework.http.ResponseEntity<java.lang.Object> com.promineotech.inventoryManagement.controller.CustomerController.updateCustomer(com.promineotech.inventoryManagement.entity.Customer,java.lang.Long)
2019-09-19 14:22:44.0983  INFO ${hostname}
			--- [ment.App.main()] s.w.s.m.m.a.RequestMappingHandlerMapping : Mapped "{[/customers],methods=[POST]}" onto public org.springframework.http.ResponseEntity<java.lang.Object> com.promineotech.inventoryManagement.controller.CustomerController.createCustomer(com.promineotech.inventoryManagement.entity.Customer)
2019-09-19 14:22:44.0983  INFO ${hostname}
			--- [ment.App.main()] s.w.s.m.m.a.RequestMappingHandlerMapping : Mapped "{[/customers],methods=[GET]}" onto public org.springframework.http.ResponseEntity<java.lang.Object> com.promineotech.inventoryManagement.controller.CustomerController.getCustomers()
2019-09-19 14:22:44.0983  INFO ${hostname}
			--- [ment.App.main()] s.w.s.m.m.a.RequestMappingHandlerMapping : Mapped "{[/customers/{id}],methods=[DELETE]}" onto public org.springframework.http.ResponseEntity<java.lang.Object> com.promineotech.inventoryManagement.controller.CustomerController.deleteCustomer(java.lang.Long)
2019-09-19 14:22:44.0983  INFO ${hostname}
			--- [ment.App.main()] s.w.s.m.m.a.RequestMappingHandlerMapping : Mapped "{[/customers/{id}],methods=[GET]}" onto public org.springframework.http.ResponseEntity<java.lang.Object> com.promineotech.inventoryManagement.controller.CustomerController.getCustomer(java.lang.Long)
2019-09-19 14:22:44.0983  INFO ${hostname}
			--- [ment.App.main()] s.w.s.m.m.a.RequestMappingHandlerMapping : Mapped "{[/customers/{id}/orders],methods=[POST]}" onto public org.springframework.http.ResponseEntity<java.lang.Object> com.promineotech.inventoryManagement.controller.OrderController.createCustomer(java.util.Set<java.lang.Long>,java.lang.Long)
2019-09-19 14:22:44.0983  INFO ${hostname}
			--- [ment.App.main()] s.w.s.m.m.a.RequestMappingHandlerMapping : Mapped "{[/customers/{id}/orders/{orderId}],methods=[PUT]}" onto public org.springframework.http.ResponseEntity<java.lang.Object> com.promineotech.inventoryManagement.controller.OrderController.updateOrder(com.promineotech.inventoryManagement.entity.Order,java.lang.Long)
2019-09-19 14:22:44.0983  INFO ${hostname}
			--- [ment.App.main()] s.w.s.m.m.a.RequestMappingHandlerMapping : Mapped "{[/products],methods=[POST]}" onto public org.springframework.http.ResponseEntity<java.lang.Object> com.promineotech.inventoryManagement.controller.ProductController.createProduct(com.promineotech.inventoryManagement.entity.Product)
2019-09-19 14:22:44.0983  INFO ${hostname}
			--- [ment.App.main()] s.w.s.m.m.a.RequestMappingHandlerMapping : Mapped "{[/products],methods=[GET]}" onto public org.springframework.http.ResponseEntity<java.lang.Object> com.promineotech.inventoryManagement.controller.ProductController.getProducts()
2019-09-19 14:22:44.0983  INFO ${hostname}
			--- [ment.App.main()] s.w.s.m.m.a.RequestMappingHandlerMapping : Mapped "{[/products/{id}],methods=[PUT]}" onto public org.springframework.http.ResponseEntity<java.lang.Object> com.promineotech.inventoryManagement.controller.ProductController.updateProduct(com.promineotech.inventoryManagement.entity.Product,java.lang.Long)
2019-09-19 14:22:44.0983  INFO ${hostname}
			--- [ment.App.main()] s.w.s.m.m.a.RequestMappingHandlerMapping : Mapped "{[/products/{id}],methods=[DELETE]}" onto public org.springframework.http.ResponseEntity<java.lang.Object> com.promineotech.inventoryManagement.controller.ProductController.deleteProduct(java.lang.Long)
2019-09-19 14:22:44.0983  INFO ${hostname}
			--- [ment.App.main()] s.w.s.m.m.a.RequestMappingHandlerMapping : Mapped "{[/error]}" onto public org.springframework.http.ResponseEntity<java.util.Map<java.lang.String, java.lang.Object>> org.springframework.boot.autoconfigure.web.BasicErrorController.error(javax.servlet.http.HttpServletRequest)
2019-09-19 14:22:44.0983  INFO ${hostname}
			--- [ment.App.main()] s.w.s.m.m.a.RequestMappingHandlerMapping : Mapped "{[/error],produces=[text/html]}" onto public org.springframework.web.servlet.ModelAndView org.springframework.boot.autoconfigure.web.BasicErrorController.errorHtml(javax.servlet.http.HttpServletRequest)
2019-09-19 14:22:45.0014  INFO ${hostname}
			--- [ment.App.main()] o.s.w.s.h.SimpleUrlHandlerMapping        : Mapped URL path [/webjars/**] onto handler of type [class org.springframework.web.servlet.resource.ResourceHttpRequestHandler]
2019-09-19 14:22:45.0014  INFO ${hostname}
			--- [ment.App.main()] o.s.w.s.h.SimpleUrlHandlerMapping        : Mapped URL path [/**] onto handler of type [class org.springframework.web.servlet.resource.ResourceHttpRequestHandler]
2019-09-19 14:22:45.0061  INFO ${hostname}
			--- [ment.App.main()] o.s.w.s.h.SimpleUrlHandlerMapping        : Mapped URL path [/**/favicon.ico] onto handler of type [class org.springframework.web.servlet.resource.ResourceHttpRequestHandler]
2019-09-19 14:22:45.0226  INFO ${hostname}
			--- [ment.App.main()] o.s.j.e.a.AnnotationMBeanExporter        : Registering beans for JMX exposure on startup
2019-09-19 14:22:45.0256  INFO ${hostname}
			--- [ment.App.main()] o.a.c.h.Http11NioProtocol                : Initializing ProtocolHandler ["http-nio-8080"]
2019-09-19 14:22:45.0264  INFO ${hostname}
			--- [ment.App.main()] o.a.c.h.Http11NioProtocol                : Starting ProtocolHandler ["http-nio-8080"]
2019-09-19 14:22:45.0286  INFO ${hostname}
			--- [ment.App.main()] o.a.t.u.n.NioSelectorPool                : Using a shared selector for servlet write/read
2019-09-19 14:22:45.0586  INFO ${hostname}
			--- [ment.App.main()] s.b.c.e.t.TomcatEmbeddedServletContainer : Tomcat started on port(s): 8080 (http)
2019-09-19 14:22:45.0586  INFO ${hostname}
			--- [ment.App.main()] c.p.i.App                                : Started App in 7.445 seconds (JVM running for 21.961)
2019-09-19 14:39:29.0655  INFO ${hostname}
			--- [nio-8080-exec-1] o.a.c.c.C.[.[.[/]                        : Initializing Spring FrameworkServlet 'dispatcherServlet'
2019-09-19 14:39:29.0655  INFO ${hostname}
			--- [nio-8080-exec-1] o.s.w.s.DispatcherServlet                : FrameworkServlet 'dispatcherServlet': initialization started
2019-09-19 14:39:29.0674  INFO ${hostname}
			--- [nio-8080-exec-1] o.s.w.s.DispatcherServlet                : FrameworkServlet 'dispatcherServlet': initialization completed in 18 ms
2019-09-19 16:59:50.0271  INFO ${hostname}
			--- [       Thread-2] ationConfigEmbeddedWebApplicationContext : Closing org.springframework.boot.context.embedded.AnnotationConfigEmbeddedWebApplicationContext@2c283217: startup date [Thu Sep 19 14:22:38 MST 2019]; root of context hierarchy
2019-09-19 17:01:04.0603  INFO ${hostname}
			--- [ment.App.main()] c.p.i.App                                : Starting App on LAPTOP-9I82ROOL with PID 14896 (C:\Users\j\eclipse-workspace\inventoryManagement\target\classes started by j in C:\Users\j\eclipse-workspace\inventoryManagement)
2019-09-19 17:01:04.0627  INFO ${hostname}
			--- [ment.App.main()] ationConfigEmbeddedWebApplicationContext : Refreshing org.springframework.boot.context.embedded.AnnotationConfigEmbeddedWebApplicationContext@3bba5649: startup date [Thu Sep 19 17:01:04 MST 2019]; root of context hierarchy
2019-09-19 17:01:05.0111  INFO ${hostname}
			--- [ment.App.main()] o.s.b.f.s.DefaultListableBeanFactory     : Overriding bean definition for bean 'beanNameViewResolver': replacing [Root bean: class [null]; scope=; abstract=false; lazyInit=false; autowireMode=3; dependencyCheck=0; autowireCandidate=true; primary=false; factoryBeanName=org.springframework.boot.autoconfigure.web.ErrorMvcAutoConfiguration$WhitelabelErrorViewConfiguration; factoryMethodName=beanNameViewResolver; initMethodName=null; destroyMethodName=(inferred); defined in class path resource [org/springframework/boot/autoconfigure/web/ErrorMvcAutoConfiguration$WhitelabelErrorViewConfiguration.class]] with [Root bean: class [null]; scope=; abstract=false; lazyInit=false; autowireMode=3; dependencyCheck=0; autowireCandidate=true; primary=false; factoryBeanName=org.springframework.boot.autoconfigure.web.WebMvcAutoConfiguration$WebMvcAutoConfigurationAdapter; factoryMethodName=beanNameViewResolver; initMethodName=null; destroyMethodName=(inferred); defined in class path resource [org/springframework/boot/autoconfigure/web/WebMvcAutoConfiguration$WebMvcAutoConfigurationAdapter.class]]
2019-09-19 17:01:05.0429  INFO ${hostname}
			--- [ment.App.main()] o.h.v.i.u.Version                        : HV000001: Hibernate Validator 5.1.3.Final
2019-09-19 17:01:05.0576  INFO ${hostname}
			--- [ment.App.main()] trationDelegate$BeanPostProcessorChecker : Bean 'org.springframework.transaction.annotation.ProxyTransactionManagementConfiguration' of type [class org.springframework.transaction.annotation.ProxyTransactionManagementConfiguration$$EnhancerBySpringCGLIB$$1a039f0] is not eligible for getting processed by all BeanPostProcessors (for example: not eligible for auto-proxying)
2019-09-19 17:01:05.0592  INFO ${hostname}
			--- [ment.App.main()] trationDelegate$BeanPostProcessorChecker : Bean 'transactionAttributeSource' of type [class org.springframework.transaction.annotation.AnnotationTransactionAttributeSource] is not eligible for getting processed by all BeanPostProcessors (for example: not eligible for auto-proxying)
2019-09-19 17:01:05.0614  INFO ${hostname}
			--- [ment.App.main()] trationDelegate$BeanPostProcessorChecker : Bean 'transactionInterceptor' of type [class org.springframework.transaction.interceptor.TransactionInterceptor] is not eligible for getting processed by all BeanPostProcessors (for example: not eligible for auto-proxying)
2019-09-19 17:01:05.0619  INFO ${hostname}
			--- [ment.App.main()] trationDelegate$BeanPostProcessorChecker : Bean 'org.springframework.transaction.config.internalTransactionAdvisor' of type [class org.springframework.transaction.interceptor.BeanFactoryTransactionAttributeSourceAdvisor] is not eligible for getting processed by all BeanPostProcessors (for example: not eligible for auto-proxying)
2019-09-19 17:01:05.0966  INFO ${hostname}
			--- [ment.App.main()] s.b.c.e.t.TomcatEmbeddedServletContainer : Tomcat initialized with port(s): 8080 (http)
2019-09-19 17:01:06.0066  INFO ${hostname}
			--- [ment.App.main()] o.a.c.c.StandardService                  : Starting service Tomcat
2019-09-19 17:01:06.0066  INFO ${hostname}
			--- [ment.App.main()] o.a.c.c.StandardEngine                   : Starting Servlet Engine: Apache Tomcat/8.0.26
2019-09-19 17:01:07.0277  INFO ${hostname}
			--- [ost-startStop-1] o.a.c.c.C.[.[.[/]                        : Initializing Spring embedded WebApplicationContext
2019-09-19 17:01:07.0277  INFO ${hostname}
			--- [ost-startStop-1] o.s.w.c.ContextLoader                    : Root WebApplicationContext: initialization completed in 2652 ms
2019-09-19 17:01:08.0501  INFO ${hostname}
			--- [ost-startStop-1] o.s.b.c.e.ServletRegistrationBean        : Mapping servlet: 'dispatcherServlet' to [/]
2019-09-19 17:01:08.0501  INFO ${hostname}
			--- [ost-startStop-1] o.s.b.c.e.FilterRegistrationBean         : Mapping filter: 'characterEncodingFilter' to: [/*]
2019-09-19 17:01:08.0501  INFO ${hostname}
			--- [ost-startStop-1] o.s.b.c.e.FilterRegistrationBean         : Mapping filter: 'hiddenHttpMethodFilter' to: [/*]
2019-09-19 17:01:08.0717  INFO ${hostname}
			--- [ment.App.main()] j.LocalContainerEntityManagerFactoryBean : Building JPA container EntityManagerFactory for persistence unit 'default'
2019-09-19 17:01:08.0717  INFO ${hostname}
			--- [ment.App.main()] o.h.j.i.u.LogHelper                      : HHH000204: Processing PersistenceUnitInfo [
	name: default
	...]
2019-09-19 17:01:08.0802  INFO ${hostname}
			--- [ment.App.main()] o.h.Version                              : HHH000412: Hibernate Core {4.3.11.Final}
2019-09-19 17:01:08.0802  INFO ${hostname}
			--- [ment.App.main()] o.h.c.Environment                        : HHH000206: hibernate.properties not found
2019-09-19 17:01:08.0802  INFO ${hostname}
			--- [ment.App.main()] o.h.c.Environment                        : HHH000021: Bytecode provider name : javassist
2019-09-19 17:01:08.0923  INFO ${hostname}
			--- [ment.App.main()] o.h.a.c.Version                          : HCANN000001: Hibernate Commons Annotations {4.0.5.Final}
2019-09-19 17:01:09.0644  INFO ${hostname}
			--- [ment.App.main()] o.h.d.Dialect                            : HHH000400: Using dialect: org.hibernate.dialect.MySQL5Dialect
2019-09-19 17:01:09.0757  INFO ${hostname}
			--- [ment.App.main()] o.h.h.i.a.ASTQueryTranslatorFactory      : HHH000397: Using ASTQueryTranslatorFactory
2019-09-19 17:01:10.0018  INFO ${hostname}
			--- [ment.App.main()] o.h.t.h.SchemaExport                     : HHH000227: Running hbm2ddl schema export
2019-09-19 17:01:10.0741  INFO ${hostname}
			--- [ment.App.main()] o.h.t.h.SchemaExport                     : HHH000230: Schema export complete
2019-09-19 17:01:11.0121  INFO ${hostname}
			--- [ment.App.main()] s.w.s.m.m.a.RequestMappingHandlerAdapter : Looking for @ControllerAdvice: org.springframework.boot.context.embedded.AnnotationConfigEmbeddedWebApplicationContext@3bba5649: startup date [Thu Sep 19 17:01:04 MST 2019]; root of context hierarchy
2019-09-19 17:01:11.0188  INFO ${hostname}
			--- [ment.App.main()] s.w.s.m.m.a.RequestMappingHandlerMapping : Mapped "{[/customers],methods=[GET]}" onto public org.springframework.http.ResponseEntity<java.lang.Object> com.promineotech.inventoryManagement.controller.CustomerController.getCustomers()
2019-09-19 17:01:11.0188  INFO ${hostname}
			--- [ment.App.main()] s.w.s.m.m.a.RequestMappingHandlerMapping : Mapped "{[/customers],methods=[POST]}" onto public org.springframework.http.ResponseEntity<java.lang.Object> com.promineotech.inventoryManagement.controller.CustomerController.createCustomer(com.promineotech.inventoryManagement.entity.Customer)
2019-09-19 17:01:11.0188  INFO ${hostname}
			--- [ment.App.main()] s.w.s.m.m.a.RequestMappingHandlerMapping : Mapped "{[/customers/{id}],methods=[PUT]}" onto public org.springframework.http.ResponseEntity<java.lang.Object> com.promineotech.inventoryManagement.controller.CustomerController.updateCustomer(com.promineotech.inventoryManagement.entity.Customer,java.lang.Long)
2019-09-19 17:01:11.0188  INFO ${hostname}
			--- [ment.App.main()] s.w.s.m.m.a.RequestMappingHandlerMapping : Mapped "{[/customers/{id}],methods=[DELETE]}" onto public org.springframework.http.ResponseEntity<java.lang.Object> com.promineotech.inventoryManagement.controller.CustomerController.deleteCustomer(java.lang.Long)
2019-09-19 17:01:11.0189  INFO ${hostname}
			--- [ment.App.main()] s.w.s.m.m.a.RequestMappingHandlerMapping : Mapped "{[/customers/{id}],methods=[GET]}" onto public org.springframework.http.ResponseEntity<java.lang.Object> com.promineotech.inventoryManagement.controller.CustomerController.getCustomer(java.lang.Long)
2019-09-19 17:01:11.0189  INFO ${hostname}
			--- [ment.App.main()] s.w.s.m.m.a.RequestMappingHandlerMapping : Mapped "{[/customers/{id}/orders/{orderId}],methods=[PUT]}" onto public org.springframework.http.ResponseEntity<java.lang.Object> com.promineotech.inventoryManagement.controller.OrderController.updateOrder(com.promineotech.inventoryManagement.entity.Order,java.lang.Long)
2019-09-19 17:01:11.0189  INFO ${hostname}
			--- [ment.App.main()] s.w.s.m.m.a.RequestMappingHandlerMapping : Mapped "{[/customers/{id}/orders],methods=[POST]}" onto public org.springframework.http.ResponseEntity<java.lang.Object> com.promineotech.inventoryManagement.controller.OrderController.createCustomer(java.util.Set<java.lang.Long>,java.lang.Long)
2019-09-19 17:01:11.0190  INFO ${hostname}
			--- [ment.App.main()] s.w.s.m.m.a.RequestMappingHandlerMapping : Mapped "{[/products],methods=[GET]}" onto public org.springframework.http.ResponseEntity<java.lang.Object> com.promineotech.inventoryManagement.controller.ProductController.getProducts()
2019-09-19 17:01:11.0190  INFO ${hostname}
			--- [ment.App.main()] s.w.s.m.m.a.RequestMappingHandlerMapping : Mapped "{[/products],methods=[POST]}" onto public org.springframework.http.ResponseEntity<java.lang.Object> com.promineotech.inventoryManagement.controller.ProductController.createProduct(com.promineotech.inventoryManagement.entity.Product)
2019-09-19 17:01:11.0191  INFO ${hostname}
			--- [ment.App.main()] s.w.s.m.m.a.RequestMappingHandlerMapping : Mapped "{[/products/{id}],methods=[PUT]}" onto public org.springframework.http.ResponseEntity<java.lang.Object> com.promineotech.inventoryManagement.controller.ProductController.updateProduct(com.promineotech.inventoryManagement.entity.Product,java.lang.Long)
2019-09-19 17:01:11.0191  INFO ${hostname}
			--- [ment.App.main()] s.w.s.m.m.a.RequestMappingHandlerMapping : Mapped "{[/products/{id}],methods=[DELETE]}" onto public org.springframework.http.ResponseEntity<java.lang.Object> com.promineotech.inventoryManagement.controller.ProductController.deleteProduct(java.lang.Long)
2019-09-19 17:01:11.0192  INFO ${hostname}
			--- [ment.App.main()] s.w.s.m.m.a.RequestMappingHandlerMapping : Mapped "{[/error]}" onto public org.springframework.http.ResponseEntity<java.util.Map<java.lang.String, java.lang.Object>> org.springframework.boot.autoconfigure.web.BasicErrorController.error(javax.servlet.http.HttpServletRequest)
2019-09-19 17:01:11.0192  INFO ${hostname}
			--- [ment.App.main()] s.w.s.m.m.a.RequestMappingHandlerMapping : Mapped "{[/error],produces=[text/html]}" onto public org.springframework.web.servlet.ModelAndView org.springframework.boot.autoconfigure.web.BasicErrorController.errorHtml(javax.servlet.http.HttpServletRequest)
2019-09-19 17:01:11.0215  INFO ${hostname}
			--- [ment.App.main()] o.s.w.s.h.SimpleUrlHandlerMapping        : Mapped URL path [/webjars/**] onto handler of type [class org.springframework.web.servlet.resource.ResourceHttpRequestHandler]
2019-09-19 17:01:11.0215  INFO ${hostname}
			--- [ment.App.main()] o.s.w.s.h.SimpleUrlHandlerMapping        : Mapped URL path [/**] onto handler of type [class org.springframework.web.servlet.resource.ResourceHttpRequestHandler]
2019-09-19 17:01:11.0245  INFO ${hostname}
			--- [ment.App.main()] o.s.w.s.h.SimpleUrlHandlerMapping        : Mapped URL path [/**/favicon.ico] onto handler of type [class org.springframework.web.servlet.resource.ResourceHttpRequestHandler]
2019-09-19 17:01:11.0376  INFO ${hostname}
			--- [ment.App.main()] o.s.j.e.a.AnnotationMBeanExporter        : Registering beans for JMX exposure on startup
2019-09-19 17:01:11.0427  INFO ${hostname}
			--- [ment.App.main()] o.a.c.h.Http11NioProtocol                : Initializing ProtocolHandler ["http-nio-8080"]
2019-09-19 17:01:11.0435  INFO ${hostname}
			--- [ment.App.main()] o.a.c.h.Http11NioProtocol                : Starting ProtocolHandler ["http-nio-8080"]
2019-09-19 17:01:11.0445  INFO ${hostname}
			--- [ment.App.main()] o.a.t.u.n.NioSelectorPool                : Using a shared selector for servlet write/read
2019-09-19 17:01:11.0709  INFO ${hostname}
			--- [ment.App.main()] s.b.c.e.t.TomcatEmbeddedServletContainer : Tomcat started on port(s): 8080 (http)
2019-09-19 17:01:11.0709  INFO ${hostname}
			--- [ment.App.main()] c.p.i.App                                : Started App in 7.318 seconds (JVM running for 22.561)
2019-09-19 17:02:23.0113  INFO ${hostname}
			--- [nio-8080-exec-1] o.a.c.c.C.[.[.[/]                        : Initializing Spring FrameworkServlet 'dispatcherServlet'
2019-09-19 17:02:23.0115  INFO ${hostname}
			--- [nio-8080-exec-1] o.s.w.s.DispatcherServlet                : FrameworkServlet 'dispatcherServlet': initialization started
2019-09-19 17:02:23.0135  INFO ${hostname}
			--- [nio-8080-exec-1] o.s.w.s.DispatcherServlet                : FrameworkServlet 'dispatcherServlet': initialization completed in 20 ms
2019-09-19 17:08:51.0030  INFO ${hostname}
			--- [       Thread-2] ationConfigEmbeddedWebApplicationContext : Closing org.springframework.boot.context.embedded.AnnotationConfigEmbeddedWebApplicationContext@3bba5649: startup date [Thu Sep 19 17:01:04 MST 2019]; root of context hierarchy
